{"/Users/diego/Projects/mojix/src/app.ts": {"path":"/Users/diego/Projects/mojix/src/app.ts","statementMap":{"0":{"start":{"line":2,"column":0},"end":{"line":2,"column":34}},"1":{"start":{"line":3,"column":0},"end":{"line":3,"column":32}},"2":{"start":{"line":4,"column":0},"end":{"line":4,"column":41}},"3":{"start":{"line":5,"column":0},"end":{"line":5,"column":36}},"4":{"start":{"line":6,"column":0},"end":{"line":6,"column":42}},"5":{"start":{"line":7,"column":0},"end":{"line":7,"column":28}},"6":{"start":{"line":8,"column":0},"end":{"line":8,"column":31}},"7":{"start":{"line":9,"column":0},"end":{"line":9,"column":38}},"8":{"start":{"line":11,"column":0},"end":{"line":11,"column":70}},"9":{"start":{"line":12,"column":0},"end":{"line":12,"column":35}},"10":{"start":{"line":13,"column":0},"end":{"line":13,"column":61}},"11":{"start":{"line":14,"column":0},"end":{"line":14,"column":65}},"12":{"start":{"line":15,"column":0},"end":{"line":15,"column":73}},"13":{"start":{"line":16,"column":0},"end":{"line":16,"column":68}},"14":{"start":{"line":17,"column":0},"end":{"line":17,"column":77}},"15":{"start":{"line":18,"column":0},"end":{"line":18,"column":71}},"16":{"start":{"line":23,"column":11},"end":{"line":23,"column":66}},"17":{"start":{"line":35,"column":8},"end":{"line":35,"column":70}},"18":{"start":{"line":36,"column":8},"end":{"line":36,"column":73}},"19":{"start":{"line":37,"column":8},"end":{"line":37,"column":76}},"20":{"start":{"line":38,"column":8},"end":{"line":38,"column":79}},"21":{"start":{"line":41,"column":8},"end":{"line":41,"column":73}},"22":{"start":{"line":42,"column":8},"end":{"line":42,"column":70}},"23":{"start":{"line":43,"column":8},"end":{"line":43,"column":76}},"24":{"start":{"line":44,"column":8},"end":{"line":44,"column":49}},"25":{"start":{"line":46,"column":8},"end":{"line":46,"column":29}},"26":{"start":{"line":47,"column":8},"end":{"line":47,"column":26}},"27":{"start":{"line":48,"column":8},"end":{"line":48,"column":22}},"28":{"start":{"line":49,"column":24},"end":{"line":49,"column":60}},"29":{"start":{"line":50,"column":24},"end":{"line":68,"column":9}},"30":{"start":{"line":70,"column":8},"end":{"line":74,"column":11}},"31":{"start":{"line":83,"column":8},"end":{"line":83,"column":36}},"32":{"start":{"line":87,"column":8},"end":{"line":87,"column":40}},"33":{"start":{"line":88,"column":8},"end":{"line":88,"column":62}},"34":{"start":{"line":91,"column":41},"end":{"line":97,"column":9}},"35":{"start":{"line":100,"column":8},"end":{"line":100,"column":36}},"36":{"start":{"line":103,"column":8},"end":{"line":103,"column":64}},"37":{"start":{"line":104,"column":8},"end":{"line":106,"column":11}},"38":{"start":{"line":108,"column":8},"end":{"line":111,"column":11}},"39":{"start":{"line":109,"column":12},"end":{"line":109,"column":73}},"40":{"start":{"line":113,"column":8},"end":{"line":115,"column":11}},"41":{"start":{"line":114,"column":12},"end":{"line":114,"column":52}},"42":{"start":{"line":118,"column":8},"end":{"line":118,"column":36}},"43":{"start":{"line":130,"column":8},"end":{"line":134,"column":11}},"44":{"start":{"line":132,"column":12},"end":{"line":132,"column":53}},"45":{"start":{"line":133,"column":12},"end":{"line":133,"column":19}},"46":{"start":{"line":140,"column":30},"end":{"line":140,"column":55}},"47":{"start":{"line":141,"column":8},"end":{"line":141,"column":52}},"48":{"start":{"line":144,"column":8},"end":{"line":146,"column":11}},"49":{"start":{"line":145,"column":12},"end":{"line":145,"column":102}},"50":{"start":{"line":152,"column":0},"end":{"line":152,"column":29}}},"fnMap":{"0":{"name":"(anonymous_0)","decl":{"start":{"line":29,"column":4},"end":{"line":null,"column":-1}},"loc":{"start":{"line":29,"column":4},"end":{"line":75,"column":5}}},"1":{"name":"(anonymous_1)","decl":{"start":{"line":78,"column":12},"end":{"line":78,"column":21}},"loc":{"start":{"line":78,"column":22},"end":{"line":121,"column":5}}},"2":{"name":"(anonymous_2)","decl":{"start":{"line":108,"column":41},"end":{"line":108,"column":42}},"loc":{"start":{"line":108,"column":55},"end":{"line":111,"column":9}}},"3":{"name":"(anonymous_3)","decl":{"start":{"line":113,"column":40},"end":{"line":113,"column":41}},"loc":{"start":{"line":113,"column":48},"end":{"line":115,"column":9}}},"4":{"name":"(anonymous_4)","decl":{"start":{"line":124,"column":12},"end":{"line":124,"column":17}},"loc":{"start":{"line":124,"column":18},"end":{"line":149,"column":5}}},"5":{"name":"(anonymous_5)","decl":{"start":{"line":130,"column":21},"end":{"line":130,"column":30}},"loc":{"start":{"line":130,"column":45},"end":{"line":134,"column":9}}},"6":{"name":"(anonymous_6)","decl":{"start":{"line":144,"column":26},"end":{"line":144,"column":35}},"loc":{"start":{"line":144,"column":44},"end":{"line":146,"column":9}}}},"branchMap":{},"s":{"0":3,"1":3,"2":3,"3":3,"4":3,"5":3,"6":3,"7":3,"8":3,"9":3,"10":3,"11":3,"12":3,"13":3,"14":3,"15":3,"16":3,"17":3,"18":3,"19":3,"20":3,"21":3,"22":3,"23":3,"24":3,"25":3,"26":3,"27":3,"28":3,"29":3,"30":3,"31":3,"32":3,"33":3,"34":3,"35":3,"36":3,"37":3,"38":3,"39":0,"40":3,"41":0,"42":3,"43":3,"44":4,"45":4,"46":3,"47":3,"48":3,"49":4,"50":3},"f":{"0":3,"1":3,"2":0,"3":0,"4":3,"5":4,"6":4},"b":{}}
,"/Users/diego/Projects/mojix/src/config.ts": {"path":"/Users/diego/Projects/mojix/src/config.ts","statementMap":{"0":{"start":{"line":5,"column":11},"end":{"line":5,"column":54}},"1":{"start":{"line":8,"column":11},"end":{"line":8,"column":81}},"2":{"start":{"line":9,"column":11},"end":{"line":9,"column":48}},"3":{"start":{"line":12,"column":11},"end":{"line":12,"column":92}},"4":{"start":{"line":2,"column":0},"end":{"line":14,"column":1}}},"fnMap":{},"branchMap":{"0":{"loc":{"start":{"line":5,"column":29},"end":{"line":5,"column":45}},"type":"binary-expr","locations":[{"start":{"line":5,"column":29},"end":{"line":5,"column":45}},{"start":{"line":5,"column":49},"end":{"line":5,"column":53}}]},"1":{"loc":{"start":{"line":8,"column":32},"end":{"line":8,"column":58}},"type":"binary-expr","locations":[{"start":{"line":8,"column":32},"end":{"line":8,"column":58}},{"start":{"line":8,"column":62},"end":{"line":8,"column":80}}]},"2":{"loc":{"start":{"line":12,"column":30},"end":{"line":12,"column":51}},"type":"binary-expr","locations":[{"start":{"line":12,"column":30},"end":{"line":12,"column":51}},{"start":{"line":12,"column":55},"end":{"line":12,"column":91}}]}},"s":{"0":3,"1":3,"2":3,"3":3,"4":3},"f":{},"b":{"0":[3,3],"1":[3,3],"2":[3,3]}}
,"/Users/diego/Projects/mojix/src/dao/coreDao.ts": {"path":"/Users/diego/Projects/mojix/src/dao/coreDao.ts","statementMap":{"0":{"start":{"line":6,"column":2},"end":{"line":11,"column":4}},"1":{"start":{"line":7,"column":4},"end":{"line":10,"column":7}},"2":{"start":{"line":8,"column":6},"end":{"line":8,"column":45}},"3":{"start":{"line":8,"column":17},"end":{"line":8,"column":43}},"4":{"start":{"line":9,"column":6},"end":{"line":9,"column":21}},"5":{"start":{"line":14,"column":2},"end":{"line":19,"column":4}},"6":{"start":{"line":15,"column":4},"end":{"line":18,"column":7}},"7":{"start":{"line":16,"column":6},"end":{"line":16,"column":45}},"8":{"start":{"line":16,"column":17},"end":{"line":16,"column":43}},"9":{"start":{"line":17,"column":6},"end":{"line":17,"column":22}},"10":{"start":{"line":22,"column":2},"end":{"line":35,"column":4}},"11":{"start":{"line":23,"column":16},"end":{"line":23,"column":40}},"12":{"start":{"line":24,"column":4},"end":{"line":24,"column":21}},"13":{"start":{"line":25,"column":4},"end":{"line":34,"column":7}},"14":{"start":{"line":27,"column":6},"end":{"line":29,"column":7}},"15":{"start":{"line":28,"column":8},"end":{"line":28,"column":28}},"16":{"start":{"line":30,"column":6},"end":{"line":32,"column":7}},"17":{"start":{"line":31,"column":8},"end":{"line":31,"column":34}},"18":{"start":{"line":33,"column":6},"end":{"line":33,"column":33}},"19":{"start":{"line":38,"column":2},"end":{"line":43,"column":4}},"20":{"start":{"line":39,"column":4},"end":{"line":42,"column":7}},"21":{"start":{"line":40,"column":6},"end":{"line":40,"column":45}},"22":{"start":{"line":40,"column":17},"end":{"line":40,"column":43}},"23":{"start":{"line":41,"column":6},"end":{"line":41,"column":20}},"24":{"start":{"line":46,"column":2},"end":{"line":51,"column":4}},"25":{"start":{"line":47,"column":4},"end":{"line":50,"column":7}},"26":{"start":{"line":48,"column":6},"end":{"line":48,"column":45}},"27":{"start":{"line":48,"column":17},"end":{"line":48,"column":43}},"28":{"start":{"line":49,"column":6},"end":{"line":49,"column":26}},"29":{"start":{"line":54,"column":2},"end":{"line":59,"column":3}},"30":{"start":{"line":55,"column":4},"end":{"line":58,"column":7}},"31":{"start":{"line":56,"column":6},"end":{"line":56,"column":45}},"32":{"start":{"line":56,"column":17},"end":{"line":56,"column":43}},"33":{"start":{"line":57,"column":6},"end":{"line":57,"column":26}},"34":{"start":{"line":62,"column":0},"end":{"line":62,"column":23}}},"fnMap":{"0":{"name":"(anonymous_0)","decl":{"start":{"line":1,"column":0},"end":{"line":null,"column":-1}},"loc":{"start":{"line":1,"column":0},"end":{"line":60,"column":1}}},"1":{"name":"(anonymous_1)","decl":{"start":{"line":6,"column":11},"end":{"line":6,"column":12}},"loc":{"start":{"line":6,"column":24},"end":{"line":11,"column":3}}},"2":{"name":"(anonymous_2)","decl":{"start":{"line":7,"column":24},"end":{"line":7,"column":25}},"loc":{"start":{"line":7,"column":38},"end":{"line":10,"column":5}}},"3":{"name":"(anonymous_3)","decl":{"start":{"line":14,"column":10},"end":{"line":14,"column":11}},"loc":{"start":{"line":14,"column":23},"end":{"line":19,"column":3}}},"4":{"name":"(anonymous_4)","decl":{"start":{"line":15,"column":21},"end":{"line":15,"column":22}},"loc":{"start":{"line":15,"column":36},"end":{"line":18,"column":5}}},"5":{"name":"(anonymous_5)","decl":{"start":{"line":22,"column":11},"end":{"line":22,"column":12}},"loc":{"start":{"line":22,"column":24},"end":{"line":35,"column":3}}},"6":{"name":"(anonymous_6)","decl":{"start":{"line":25,"column":13},"end":{"line":25,"column":14}},"loc":{"start":{"line":25,"column":27},"end":{"line":34,"column":5}}},"7":{"name":"(anonymous_7)","decl":{"start":{"line":38,"column":8},"end":{"line":38,"column":9}},"loc":{"start":{"line":38,"column":21},"end":{"line":43,"column":3}}},"8":{"name":"(anonymous_8)","decl":{"start":{"line":39,"column":47},"end":{"line":39,"column":48}},"loc":{"start":{"line":39,"column":60},"end":{"line":42,"column":5}}},"9":{"name":"(anonymous_9)","decl":{"start":{"line":46,"column":11},"end":{"line":46,"column":12}},"loc":{"start":{"line":46,"column":24},"end":{"line":51,"column":3}}},"10":{"name":"(anonymous_10)","decl":{"start":{"line":47,"column":66},"end":{"line":47,"column":67}},"loc":{"start":{"line":47,"column":74},"end":{"line":50,"column":5}}},"11":{"name":"(anonymous_11)","decl":{"start":{"line":54,"column":11},"end":{"line":54,"column":12}},"loc":{"start":{"line":54,"column":24},"end":{"line":59,"column":3}}},"12":{"name":"(anonymous_12)","decl":{"start":{"line":55,"column":56},"end":{"line":55,"column":57}},"loc":{"start":{"line":55,"column":64},"end":{"line":58,"column":5}}}},"branchMap":{"0":{"loc":{"start":{"line":8,"column":6},"end":{"line":8,"column":45}},"type":"if","locations":[{"start":{"line":8,"column":6},"end":{"line":8,"column":45}},{"start":{"line":8,"column":6},"end":{"line":8,"column":45}}]},"1":{"loc":{"start":{"line":16,"column":6},"end":{"line":16,"column":45}},"type":"if","locations":[{"start":{"line":16,"column":6},"end":{"line":16,"column":45}},{"start":{"line":16,"column":6},"end":{"line":16,"column":45}}]},"2":{"loc":{"start":{"line":27,"column":6},"end":{"line":29,"column":7}},"type":"if","locations":[{"start":{"line":27,"column":6},"end":{"line":29,"column":7}},{"start":{"line":27,"column":6},"end":{"line":29,"column":7}}]},"3":{"loc":{"start":{"line":27,"column":10},"end":{"line":27,"column":13}},"type":"binary-expr","locations":[{"start":{"line":27,"column":10},"end":{"line":27,"column":13}},{"start":{"line":27,"column":17},"end":{"line":27,"column":35}}]},"4":{"loc":{"start":{"line":30,"column":6},"end":{"line":32,"column":7}},"type":"if","locations":[{"start":{"line":30,"column":6},"end":{"line":32,"column":7}},{"start":{"line":30,"column":6},"end":{"line":32,"column":7}}]},"5":{"loc":{"start":{"line":40,"column":6},"end":{"line":40,"column":45}},"type":"if","locations":[{"start":{"line":40,"column":6},"end":{"line":40,"column":45}},{"start":{"line":40,"column":6},"end":{"line":40,"column":45}}]},"6":{"loc":{"start":{"line":48,"column":6},"end":{"line":48,"column":45}},"type":"if","locations":[{"start":{"line":48,"column":6},"end":{"line":48,"column":45}},{"start":{"line":48,"column":6},"end":{"line":48,"column":45}}]},"7":{"loc":{"start":{"line":56,"column":6},"end":{"line":56,"column":45}},"type":"if","locations":[{"start":{"line":56,"column":6},"end":{"line":56,"column":45}},{"start":{"line":56,"column":6},"end":{"line":56,"column":45}}]}},"s":{"0":9,"1":0,"2":0,"3":0,"4":0,"5":9,"6":0,"7":0,"8":0,"9":0,"10":9,"11":0,"12":0,"13":0,"14":0,"15":0,"16":0,"17":0,"18":0,"19":9,"20":0,"21":0,"22":0,"23":0,"24":9,"25":0,"26":0,"27":0,"28":0,"29":9,"30":0,"31":0,"32":0,"33":0,"34":3},"f":{"0":9,"1":0,"2":0,"3":0,"4":0,"5":0,"6":0,"7":0,"8":0,"9":0,"10":0,"11":0,"12":0},"b":{"0":[0,0],"1":[0,0],"2":[0,0],"3":[0,0],"4":[0,0],"5":[0,0],"6":[0,0],"7":[0,0]}}
,"/Users/diego/Projects/mojix/src/dao/movieDao.ts": {"path":"/Users/diego/Projects/mojix/src/dao/movieDao.ts","statementMap":{"0":{"start":{"line":1,"column":0},"end":{"line":1,"column":31}},"1":{"start":{"line":2,"column":0},"end":{"line":2,"column":34}},"2":{"start":{"line":5,"column":2},"end":{"line":5,"column":16}},"3":{"start":{"line":4,"column":0},"end":{"line":6,"column":1}}},"fnMap":{"0":{"name":"(anonymous_0)","decl":{"start":{"line":4,"column":0},"end":{"line":null,"column":-1}},"loc":{"start":{"line":4,"column":0},"end":{"line":6,"column":1}}}},"branchMap":{},"s":{"0":3,"1":3,"2":3,"3":3},"f":{"0":3},"b":{}}
,"/Users/diego/Projects/mojix/src/dao/studioDao.ts": {"path":"/Users/diego/Projects/mojix/src/dao/studioDao.ts","statementMap":{"0":{"start":{"line":1,"column":0},"end":{"line":1,"column":31}},"1":{"start":{"line":2,"column":0},"end":{"line":2,"column":36}},"2":{"start":{"line":5,"column":2},"end":{"line":5,"column":17}},"3":{"start":{"line":4,"column":0},"end":{"line":6,"column":1}}},"fnMap":{"0":{"name":"(anonymous_0)","decl":{"start":{"line":4,"column":0},"end":{"line":null,"column":-1}},"loc":{"start":{"line":4,"column":0},"end":{"line":6,"column":1}}}},"branchMap":{},"s":{"0":3,"1":3,"2":3,"3":3},"f":{"0":3},"b":{}}
,"/Users/diego/Projects/mojix/src/dao/userDao.ts": {"path":"/Users/diego/Projects/mojix/src/dao/userDao.ts","statementMap":{"0":{"start":{"line":1,"column":0},"end":{"line":1,"column":31}},"1":{"start":{"line":2,"column":0},"end":{"line":2,"column":32}},"2":{"start":{"line":5,"column":2},"end":{"line":5,"column":15}},"3":{"start":{"line":4,"column":0},"end":{"line":6,"column":1}}},"fnMap":{"0":{"name":"(anonymous_0)","decl":{"start":{"line":4,"column":0},"end":{"line":null,"column":-1}},"loc":{"start":{"line":4,"column":0},"end":{"line":6,"column":1}}}},"branchMap":{},"s":{"0":3,"1":3,"2":3,"3":3},"f":{"0":3},"b":{}}
,"/Users/diego/Projects/mojix/src/model/billing.ts": {"path":"/Users/diego/Projects/mojix/src/model/billing.ts","statementMap":{"0":{"start":{"line":1,"column":0},"end":{"line":1,"column":36}},"1":{"start":{"line":3,"column":22},"end":{"line":5,"column":2}},"2":{"start":{"line":7,"column":16},"end":{"line":7,"column":56}},"3":{"start":{"line":9,"column":0},"end":{"line":9,"column":23}}},"fnMap":{},"branchMap":{},"s":{"0":3,"1":3,"2":3,"3":3},"f":{},"b":{}}
,"/Users/diego/Projects/mojix/src/model/category.ts": {"path":"/Users/diego/Projects/mojix/src/model/category.ts","statementMap":{"0":{"start":{"line":1,"column":0},"end":{"line":1,"column":36}},"1":{"start":{"line":3,"column":23},"end":{"line":5,"column":2}},"2":{"start":{"line":7,"column":17},"end":{"line":7,"column":59}},"3":{"start":{"line":9,"column":0},"end":{"line":9,"column":24}}},"fnMap":{},"branchMap":{},"s":{"0":1,"1":1,"2":1,"3":1},"f":{},"b":{}}
,"/Users/diego/Projects/mojix/src/model/location.ts": {"path":"/Users/diego/Projects/mojix/src/model/location.ts","statementMap":{"0":{"start":{"line":1,"column":0},"end":{"line":1,"column":36}},"1":{"start":{"line":3,"column":23},"end":{"line":6,"column":2}},"2":{"start":{"line":8,"column":17},"end":{"line":8,"column":59}},"3":{"start":{"line":10,"column":0},"end":{"line":10,"column":24}}},"fnMap":{},"branchMap":{},"s":{"0":3,"1":3,"2":3,"3":3},"f":{},"b":{}}
,"/Users/diego/Projects/mojix/src/model/movie.ts": {"path":"/Users/diego/Projects/mojix/src/model/movie.ts","statementMap":{"0":{"start":{"line":1,"column":0},"end":{"line":1,"column":36}},"1":{"start":{"line":3,"column":20},"end":{"line":10,"column":2}},"2":{"start":{"line":12,"column":14},"end":{"line":12,"column":50}},"3":{"start":{"line":14,"column":0},"end":{"line":14,"column":21}}},"fnMap":{},"branchMap":{},"s":{"0":3,"1":3,"2":3,"3":3},"f":{},"b":{}}
,"/Users/diego/Projects/mojix/src/model/studio.ts": {"path":"/Users/diego/Projects/mojix/src/model/studio.ts","statementMap":{"0":{"start":{"line":1,"column":0},"end":{"line":1,"column":36}},"1":{"start":{"line":3,"column":21},"end":{"line":8,"column":2}},"2":{"start":{"line":10,"column":15},"end":{"line":10,"column":53}},"3":{"start":{"line":12,"column":0},"end":{"line":12,"column":22}}},"fnMap":{},"branchMap":{},"s":{"0":3,"1":3,"2":3,"3":3},"f":{},"b":{}}
,"/Users/diego/Projects/mojix/src/model/user.ts": {"path":"/Users/diego/Projects/mojix/src/model/user.ts","statementMap":{"0":{"start":{"line":1,"column":0},"end":{"line":1,"column":36}},"1":{"start":{"line":2,"column":0},"end":{"line":2,"column":34}},"2":{"start":{"line":4,"column":25},"end":{"line":4,"column":27}},"3":{"start":{"line":6,"column":19},"end":{"line":14,"column":2}},"4":{"start":{"line":16,"column":0},"end":{"line":38,"column":3}},"5":{"start":{"line":18,"column":15},"end":{"line":18,"column":19}},"6":{"start":{"line":21,"column":4},"end":{"line":21,"column":52}},"7":{"start":{"line":21,"column":38},"end":{"line":21,"column":52}},"8":{"start":{"line":24,"column":4},"end":{"line":37,"column":7}},"9":{"start":{"line":26,"column":8},"end":{"line":26,"column":34}},"10":{"start":{"line":26,"column":17},"end":{"line":26,"column":34}},"11":{"start":{"line":29,"column":8},"end":{"line":36,"column":11}},"12":{"start":{"line":31,"column":12},"end":{"line":31,"column":38}},"13":{"start":{"line":31,"column":21},"end":{"line":31,"column":38}},"14":{"start":{"line":34,"column":12},"end":{"line":34,"column":33}},"15":{"start":{"line":35,"column":12},"end":{"line":35,"column":19}},"16":{"start":{"line":40,"column":0},"end":{"line":45,"column":2}},"17":{"start":{"line":41,"column":4},"end":{"line":44,"column":7}},"18":{"start":{"line":42,"column":8},"end":{"line":42,"column":32}},"19":{"start":{"line":42,"column":17},"end":{"line":42,"column":32}},"20":{"start":{"line":43,"column":8},"end":{"line":43,"column":26}},"21":{"start":{"line":47,"column":13},"end":{"line":47,"column":47}},"22":{"start":{"line":49,"column":0},"end":{"line":49,"column":20}}},"fnMap":{"0":{"name":"(anonymous_0)","decl":{"start":{"line":16,"column":23},"end":{"line":16,"column":32}},"loc":{"start":{"line":16,"column":37},"end":{"line":38,"column":1}}},"1":{"name":"(anonymous_1)","decl":{"start":{"line":24,"column":37},"end":{"line":24,"column":46}},"loc":{"start":{"line":24,"column":56},"end":{"line":37,"column":5}}},"2":{"name":"(anonymous_2)","decl":{"start":{"line":29,"column":41},"end":{"line":29,"column":50}},"loc":{"start":{"line":29,"column":60},"end":{"line":36,"column":9}}},"3":{"name":"(anonymous_3)","decl":{"start":{"line":40,"column":37},"end":{"line":40,"column":46}},"loc":{"start":{"line":40,"column":68},"end":{"line":45,"column":1}}},"4":{"name":"(anonymous_4)","decl":{"start":{"line":41,"column":53},"end":{"line":41,"column":62}},"loc":{"start":{"line":41,"column":75},"end":{"line":44,"column":5}}}},"branchMap":{"0":{"loc":{"start":{"line":21,"column":4},"end":{"line":21,"column":52}},"type":"if","locations":[{"start":{"line":21,"column":4},"end":{"line":21,"column":52}},{"start":{"line":21,"column":4},"end":{"line":21,"column":52}}]},"1":{"loc":{"start":{"line":26,"column":8},"end":{"line":26,"column":34}},"type":"if","locations":[{"start":{"line":26,"column":8},"end":{"line":26,"column":34}},{"start":{"line":26,"column":8},"end":{"line":26,"column":34}}]},"2":{"loc":{"start":{"line":31,"column":12},"end":{"line":31,"column":38}},"type":"if","locations":[{"start":{"line":31,"column":12},"end":{"line":31,"column":38}},{"start":{"line":31,"column":12},"end":{"line":31,"column":38}}]},"3":{"loc":{"start":{"line":42,"column":8},"end":{"line":42,"column":32}},"type":"if","locations":[{"start":{"line":42,"column":8},"end":{"line":42,"column":32}},{"start":{"line":42,"column":8},"end":{"line":42,"column":32}}]}},"s":{"0":3,"1":3,"2":3,"3":3,"4":3,"5":0,"6":0,"7":0,"8":0,"9":0,"10":0,"11":0,"12":0,"13":0,"14":0,"15":0,"16":3,"17":0,"18":0,"19":0,"20":0,"21":3,"22":3},"f":{"0":0,"1":0,"2":0,"3":0,"4":0},"b":{"0":[0,0],"1":[0,0],"2":[0,0],"3":[0,0]}}
,"/Users/diego/Projects/mojix/src/routes/api/index.ts": {"path":"/Users/diego/Projects/mojix/src/routes/api/index.ts","statementMap":{"0":{"start":{"line":1,"column":0},"end":{"line":1,"column":30}},"1":{"start":{"line":2,"column":0},"end":{"line":2,"column":49}},"2":{"start":{"line":3,"column":0},"end":{"line":3,"column":47}},"3":{"start":{"line":4,"column":0},"end":{"line":4,"column":44}},"4":{"start":{"line":5,"column":0},"end":{"line":5,"column":26}},"5":{"start":{"line":6,"column":0},"end":{"line":6,"column":35}},"6":{"start":{"line":7,"column":0},"end":{"line":7,"column":52}},"7":{"start":{"line":8,"column":0},"end":{"line":8,"column":35}},"8":{"start":{"line":15,"column":13},"end":{"line":18,"column":3}},"9":{"start":{"line":22,"column":0},"end":{"line":63,"column":1}},"10":{"start":{"line":35,"column":21},"end":{"line":35,"column":29}},"11":{"start":{"line":38,"column":8},"end":{"line":38,"column":60}},"12":{"start":{"line":39,"column":8},"end":{"line":39,"column":61}},"13":{"start":{"line":40,"column":8},"end":{"line":40,"column":58}},"14":{"start":{"line":42,"column":8},"end":{"line":47,"column":11}},"15":{"start":{"line":43,"column":12},"end":{"line":45,"column":15}},"16":{"start":{"line":46,"column":12},"end":{"line":46,"column":19}},"17":{"start":{"line":51,"column":8},"end":{"line":57,"column":11}},"18":{"start":{"line":52,"column":12},"end":{"line":55,"column":13}},"19":{"start":{"line":53,"column":16},"end":{"line":53,"column":32}},"20":{"start":{"line":54,"column":16},"end":{"line":54,"column":69}},"21":{"start":{"line":56,"column":12},"end":{"line":56,"column":19}},"22":{"start":{"line":59,"column":8},"end":{"line":59,"column":22}},"23":{"start":{"line":25,"column":4},"end":{"line":25,"column":38}},"24":{"start":{"line":28,"column":4},"end":{"line":28,"column":36}},"25":{"start":{"line":31,"column":4},"end":{"line":31,"column":40}},"26":{"start":{"line":22,"column":13},"end":{"line":63,"column":1}},"27":{"start":{"line":22,"column":13},"end":{"line":22,"column":16}}},"fnMap":{"0":{"name":"(anonymous_2)","decl":{"start":{"line":33,"column":11},"end":{"line":33,"column":19}},"loc":{"start":{"line":33,"column":20},"end":{"line":61,"column":5}}},"1":{"name":"(anonymous_3)","decl":{"start":{"line":42,"column":24},"end":{"line":42,"column":25}},"loc":{"start":{"line":42,"column":53},"end":{"line":47,"column":9}}},"2":{"name":"(anonymous_4)","decl":{"start":{"line":51,"column":19},"end":{"line":51,"column":20}},"loc":{"start":{"line":51,"column":53},"end":{"line":57,"column":9}}}},"branchMap":{"0":{"loc":{"start":{"line":52,"column":12},"end":{"line":55,"column":13}},"type":"if","locations":[{"start":{"line":52,"column":12},"end":{"line":55,"column":13}},{"start":{"line":52,"column":12},"end":{"line":55,"column":13}}]},"1":{"loc":{"start":{"line":25,"column":37},"end":{"line":null,"column":-1}},"type":"binary-expr","locations":[{"start":{"line":25,"column":37},"end":{"line":null,"column":-1}},{"start":{"line":25,"column":37},"end":{"line":null,"column":-1}}]},"2":{"loc":{"start":{"line":25,"column":25},"end":{"line":25,"column":37}},"type":"binary-expr","locations":[{"start":{"line":25,"column":25},"end":{"line":25,"column":37}}]},"3":{"loc":{"start":{"line":28,"column":35},"end":{"line":null,"column":-1}},"type":"binary-expr","locations":[{"start":{"line":28,"column":35},"end":{"line":null,"column":-1}},{"start":{"line":28,"column":35},"end":{"line":null,"column":-1}}]},"4":{"loc":{"start":{"line":28,"column":24},"end":{"line":28,"column":35}},"type":"binary-expr","locations":[{"start":{"line":28,"column":24},"end":{"line":28,"column":35}}]},"5":{"loc":{"start":{"line":31,"column":39},"end":{"line":null,"column":-1}},"type":"binary-expr","locations":[{"start":{"line":31,"column":39},"end":{"line":null,"column":-1}},{"start":{"line":31,"column":39},"end":{"line":null,"column":-1}}]},"6":{"loc":{"start":{"line":31,"column":26},"end":{"line":31,"column":39}},"type":"binary-expr","locations":[{"start":{"line":31,"column":26},"end":{"line":31,"column":39}}]}},"s":{"0":3,"1":3,"2":3,"3":3,"4":3,"5":3,"6":3,"7":3,"8":3,"9":3,"10":3,"11":3,"12":3,"13":3,"14":3,"15":1,"16":1,"17":3,"18":0,"19":0,"20":0,"21":0,"22":3,"23":3,"24":3,"25":3,"26":3,"27":3},"f":{"0":3,"1":1,"2":0},"b":{"0":[0,0],"1":[0,3],"2":[0],"3":[0,3],"4":[0],"5":[0,3],"6":[0]}}
,"/Users/diego/Projects/mojix/src/routes/api/movie/movie.router.ts": {"path":"/Users/diego/Projects/mojix/src/routes/api/movie/movie.router.ts","statementMap":{"0":{"start":{"line":2,"column":0},"end":{"line":2,"column":44}},"1":{"start":{"line":3,"column":0},"end":{"line":3,"column":44}},"2":{"start":{"line":4,"column":0},"end":{"line":4,"column":61}},"3":{"start":{"line":5,"column":0},"end":{"line":5,"column":29}},"4":{"start":{"line":6,"column":0},"end":{"line":6,"column":49}},"5":{"start":{"line":13,"column":0},"end":{"line":36,"column":1}},"6":{"start":{"line":20,"column":21},"end":{"line":20,"column":29}},"7":{"start":{"line":21,"column":23},"end":{"line":21,"column":37}},"8":{"start":{"line":24,"column":8},"end":{"line":24,"column":53}},"9":{"start":{"line":25,"column":8},"end":{"line":25,"column":70}},"10":{"start":{"line":26,"column":8},"end":{"line":26,"column":59}},"11":{"start":{"line":27,"column":8},"end":{"line":27,"column":79}},"12":{"start":{"line":28,"column":8},"end":{"line":28,"column":79}},"13":{"start":{"line":29,"column":8},"end":{"line":29,"column":86}},"14":{"start":{"line":31,"column":8},"end":{"line":33,"column":11}},"15":{"start":{"line":32,"column":12},"end":{"line":32,"column":47}},"16":{"start":{"line":34,"column":8},"end":{"line":34,"column":22}},"17":{"start":{"line":16,"column":4},"end":{"line":16,"column":40}},"18":{"start":{"line":13,"column":13},"end":{"line":36,"column":1}},"19":{"start":{"line":13,"column":13},"end":{"line":13,"column":24}}},"fnMap":{"0":{"name":"(anonymous_2)","decl":{"start":{"line":18,"column":11},"end":{"line":18,"column":19}},"loc":{"start":{"line":18,"column":20},"end":{"line":35,"column":5}}},"1":{"name":"(anonymous_3)","decl":{"start":{"line":31,"column":36},"end":{"line":31,"column":37}},"loc":{"start":{"line":31,"column":77},"end":{"line":33,"column":9}}}},"branchMap":{"0":{"loc":{"start":{"line":16,"column":39},"end":{"line":null,"column":-1}},"type":"binary-expr","locations":[{"start":{"line":16,"column":39},"end":{"line":null,"column":-1}},{"start":{"line":16,"column":39},"end":{"line":null,"column":-1}}]},"1":{"loc":{"start":{"line":16,"column":26},"end":{"line":16,"column":39}},"type":"binary-expr","locations":[{"start":{"line":16,"column":26},"end":{"line":16,"column":39}}]}},"s":{"0":3,"1":3,"2":3,"3":3,"4":3,"5":3,"6":3,"7":3,"8":3,"9":3,"10":3,"11":3,"12":3,"13":3,"14":3,"15":0,"16":3,"17":3,"18":3,"19":3},"f":{"0":3,"1":0},"b":{"0":[0,3],"1":[0]}}
,"/Users/diego/Projects/mojix/src/routes/api/studio/studio.router.ts": {"path":"/Users/diego/Projects/mojix/src/routes/api/studio/studio.router.ts","statementMap":{"0":{"start":{"line":1,"column":0},"end":{"line":1,"column":30}},"1":{"start":{"line":2,"column":0},"end":{"line":2,"column":44}},"2":{"start":{"line":3,"column":0},"end":{"line":3,"column":46}},"3":{"start":{"line":4,"column":0},"end":{"line":4,"column":29}},"4":{"start":{"line":5,"column":0},"end":{"line":5,"column":62}},"5":{"start":{"line":12,"column":0},"end":{"line":30,"column":1}},"6":{"start":{"line":19,"column":21},"end":{"line":19,"column":29}},"7":{"start":{"line":20,"column":24},"end":{"line":20,"column":39}},"8":{"start":{"line":23,"column":8},"end":{"line":23,"column":54}},"9":{"start":{"line":24,"column":8},"end":{"line":24,"column":75}},"10":{"start":{"line":25,"column":8},"end":{"line":25,"column":61}},"11":{"start":{"line":26,"column":8},"end":{"line":26,"column":67}},"12":{"start":{"line":28,"column":8},"end":{"line":28,"column":22}},"13":{"start":{"line":15,"column":4},"end":{"line":15,"column":41}},"14":{"start":{"line":12,"column":13},"end":{"line":30,"column":1}},"15":{"start":{"line":12,"column":13},"end":{"line":12,"column":25}}},"fnMap":{"0":{"name":"(anonymous_2)","decl":{"start":{"line":17,"column":11},"end":{"line":17,"column":19}},"loc":{"start":{"line":17,"column":20},"end":{"line":29,"column":5}}}},"branchMap":{"0":{"loc":{"start":{"line":15,"column":40},"end":{"line":null,"column":-1}},"type":"binary-expr","locations":[{"start":{"line":15,"column":40},"end":{"line":null,"column":-1}},{"start":{"line":15,"column":40},"end":{"line":null,"column":-1}}]},"1":{"loc":{"start":{"line":15,"column":27},"end":{"line":15,"column":40}},"type":"binary-expr","locations":[{"start":{"line":15,"column":27},"end":{"line":15,"column":40}}]}},"s":{"0":3,"1":3,"2":3,"3":3,"4":3,"5":3,"6":3,"7":3,"8":3,"9":3,"10":3,"11":3,"12":3,"13":3,"14":3,"15":3},"f":{"0":3},"b":{"0":[3,0],"1":[3]}}
,"/Users/diego/Projects/mojix/src/routes/api/users/user.router.ts": {"path":"/Users/diego/Projects/mojix/src/routes/api/users/user.router.ts","statementMap":{"0":{"start":{"line":1,"column":0},"end":{"line":1,"column":30}},"1":{"start":{"line":2,"column":0},"end":{"line":2,"column":44}},"2":{"start":{"line":4,"column":0},"end":{"line":4,"column":58}},"3":{"start":{"line":5,"column":0},"end":{"line":5,"column":29}},"4":{"start":{"line":6,"column":0},"end":{"line":6,"column":42}},"5":{"start":{"line":13,"column":0},"end":{"line":38,"column":1}},"6":{"start":{"line":18,"column":12},"end":{"line":18,"column":36}},"7":{"start":{"line":22,"column":21},"end":{"line":22,"column":29}},"8":{"start":{"line":25,"column":8},"end":{"line":25,"column":57}},"9":{"start":{"line":26,"column":8},"end":{"line":26,"column":60}},"10":{"start":{"line":27,"column":8},"end":{"line":27,"column":62}},"11":{"start":{"line":28,"column":8},"end":{"line":28,"column":62}},"12":{"start":{"line":29,"column":8},"end":{"line":29,"column":76}},"13":{"start":{"line":30,"column":8},"end":{"line":30,"column":78}},"14":{"start":{"line":31,"column":8},"end":{"line":31,"column":75}},"15":{"start":{"line":32,"column":8},"end":{"line":32,"column":62}},"16":{"start":{"line":33,"column":8},"end":{"line":33,"column":64}},"17":{"start":{"line":34,"column":8},"end":{"line":34,"column":67}},"18":{"start":{"line":36,"column":8},"end":{"line":36,"column":22}},"19":{"start":{"line":16,"column":4},"end":{"line":16,"column":37}},"20":{"start":{"line":13,"column":13},"end":{"line":38,"column":1}},"21":{"start":{"line":13,"column":13},"end":{"line":13,"column":23}}},"fnMap":{"0":{"name":"(anonymous_2)","decl":{"start":{"line":12,"column":0},"end":{"line":null,"column":-1}},"loc":{"start":{"line":12,"column":0},"end":{"line":38,"column":1}}},"1":{"name":"(anonymous_3)","decl":{"start":{"line":20,"column":11},"end":{"line":20,"column":19}},"loc":{"start":{"line":20,"column":20},"end":{"line":37,"column":5}}}},"branchMap":{"0":{"loc":{"start":{"line":16,"column":36},"end":{"line":null,"column":-1}},"type":"binary-expr","locations":[{"start":{"line":16,"column":36},"end":{"line":null,"column":-1}},{"start":{"line":16,"column":36},"end":{"line":null,"column":-1}}]},"1":{"loc":{"start":{"line":16,"column":25},"end":{"line":16,"column":36}},"type":"binary-expr","locations":[{"start":{"line":16,"column":25},"end":{"line":16,"column":36}}]}},"s":{"0":3,"1":3,"2":3,"3":3,"4":3,"5":3,"6":3,"7":3,"8":3,"9":3,"10":3,"11":3,"12":3,"13":3,"14":3,"15":3,"16":3,"17":3,"18":3,"19":3,"20":3,"21":3},"f":{"0":3,"1":3},"b":{"0":[3,0],"1":[3]}}
,"/Users/diego/Projects/mojix/src/services/connection.ts": {"path":"/Users/diego/Projects/mojix/src/services/connection.ts","statementMap":{"0":{"start":{"line":1,"column":20},"end":{"line":1,"column":50}},"1":{"start":{"line":2,"column":0},"end":{"line":2,"column":36}},"2":{"start":{"line":3,"column":0},"end":{"line":3,"column":26}},"3":{"start":{"line":4,"column":0},"end":{"line":4,"column":32}},"4":{"start":{"line":6,"column":13},"end":{"line":6,"column":30}},"5":{"start":{"line":16,"column":23},"end":{"line":45,"column":1}},"6":{"start":{"line":18,"column":11},"end":{"line":18,"column":36}},"7":{"start":{"line":21,"column":8},"end":{"line":21,"column":20}},"8":{"start":{"line":26,"column":8},"end":{"line":26,"column":42}},"9":{"start":{"line":27,"column":8},"end":{"line":35,"column":9}},"10":{"start":{"line":30,"column":12},"end":{"line":34,"column":15}},"11":{"start":{"line":31,"column":16},"end":{"line":31,"column":40}},"12":{"start":{"line":32,"column":16},"end":{"line":32,"column":70}},"13":{"start":{"line":33,"column":16},"end":{"line":33,"column":39}},"14":{"start":{"line":40,"column":8},"end":{"line":43,"column":9}},"15":{"start":{"line":41,"column":12},"end":{"line":41,"column":38}},"16":{"start":{"line":42,"column":12},"end":{"line":42,"column":37}},"17":{"start":{"line":17,"column":11},"end":{"line":17,"column":41}},"18":{"start":{"line":16,"column":13},"end":{"line":45,"column":1}},"19":{"start":{"line":16,"column":13},"end":{"line":16,"column":23}}},"fnMap":{"0":{"name":"(anonymous_2)","decl":{"start":{"line":20,"column":4},"end":{"line":null,"column":-1}},"loc":{"start":{"line":20,"column":4},"end":{"line":22,"column":5}}},"1":{"name":"(anonymous_3)","decl":{"start":{"line":25,"column":11},"end":{"line":25,"column":14}},"loc":{"start":{"line":25,"column":15},"end":{"line":36,"column":5}}},"2":{"name":"(anonymous_4)","decl":{"start":{"line":30,"column":48},"end":{"line":30,"column":49}},"loc":{"start":{"line":30,"column":60},"end":{"line":34,"column":13}}},"3":{"name":"(anonymous_5)","decl":{"start":{"line":39,"column":11},"end":{"line":39,"column":15}},"loc":{"start":{"line":39,"column":16},"end":{"line":44,"column":5}}}},"branchMap":{"0":{"loc":{"start":{"line":27,"column":8},"end":{"line":35,"column":9}},"type":"if","locations":[{"start":{"line":27,"column":8},"end":{"line":35,"column":9}},{"start":{"line":27,"column":8},"end":{"line":35,"column":9}}]},"1":{"loc":{"start":{"line":40,"column":8},"end":{"line":43,"column":9}},"type":"if","locations":[{"start":{"line":40,"column":8},"end":{"line":43,"column":9}},{"start":{"line":40,"column":8},"end":{"line":43,"column":9}}]}},"s":{"0":3,"1":3,"2":3,"3":3,"4":3,"5":3,"6":0,"7":0,"8":0,"9":0,"10":0,"11":0,"12":0,"13":0,"14":0,"15":0,"16":0,"17":3,"18":3,"19":3},"f":{"0":0,"1":0,"2":0,"3":0},"b":{"0":[0,0],"1":[0,0]}}
,"/Users/diego/Projects/mojix/src/services/movie.service.ts": {"path":"/Users/diego/Projects/mojix/src/services/movie.service.ts","statementMap":{"0":{"start":{"line":1,"column":0},"end":{"line":1,"column":36}},"1":{"start":{"line":2,"column":0},"end":{"line":2,"column":26}},"2":{"start":{"line":4,"column":0},"end":{"line":4,"column":36}},"3":{"start":{"line":5,"column":0},"end":{"line":5,"column":34}},"4":{"start":{"line":15,"column":0},"end":{"line":147,"column":1}},"5":{"start":{"line":25,"column":20},"end":{"line":31,"column":10}},"6":{"start":{"line":32,"column":8},"end":{"line":32,"column":21}},"7":{"start":{"line":34,"column":8},"end":{"line":38,"column":11}},"8":{"start":{"line":41,"column":8},"end":{"line":81,"column":11}},"9":{"start":{"line":42,"column":12},"end":{"line":50,"column":13}},"10":{"start":{"line":43,"column":16},"end":{"line":48,"column":19}},"11":{"start":{"line":49,"column":16},"end":{"line":49,"column":23}},"12":{"start":{"line":52,"column":12},"end":{"line":60,"column":13}},"13":{"start":{"line":53,"column":16},"end":{"line":58,"column":19}},"14":{"start":{"line":59,"column":16},"end":{"line":59,"column":23}},"15":{"start":{"line":65,"column":28},"end":{"line":65,"column":45}},"16":{"start":{"line":66,"column":32},"end":{"line":70,"column":13}},"17":{"start":{"line":71,"column":12},"end":{"line":71,"column":80}},"18":{"start":{"line":76,"column":12},"end":{"line":80,"column":15}},"19":{"start":{"line":84,"column":8},"end":{"line":113,"column":11}},"20":{"start":{"line":85,"column":12},"end":{"line":93,"column":13}},"21":{"start":{"line":86,"column":16},"end":{"line":91,"column":19}},"22":{"start":{"line":92,"column":16},"end":{"line":92,"column":23}},"23":{"start":{"line":95,"column":12},"end":{"line":103,"column":13}},"24":{"start":{"line":96,"column":16},"end":{"line":101,"column":19}},"25":{"start":{"line":102,"column":16},"end":{"line":102,"column":23}},"26":{"start":{"line":107,"column":12},"end":{"line":112,"column":15}},"27":{"start":{"line":116,"column":8},"end":{"line":145,"column":11}},"28":{"start":{"line":117,"column":12},"end":{"line":125,"column":13}},"29":{"start":{"line":118,"column":16},"end":{"line":123,"column":19}},"30":{"start":{"line":124,"column":16},"end":{"line":124,"column":23}},"31":{"start":{"line":127,"column":12},"end":{"line":135,"column":13}},"32":{"start":{"line":128,"column":16},"end":{"line":133,"column":19}},"33":{"start":{"line":134,"column":16},"end":{"line":134,"column":23}},"34":{"start":{"line":139,"column":12},"end":{"line":144,"column":15}},"35":{"start":{"line":15,"column":13},"end":{"line":147,"column":1}},"36":{"start":{"line":15,"column":13},"end":{"line":15,"column":25}}},"fnMap":{"0":{"name":"(anonymous_1)","decl":{"start":{"line":20,"column":11},"end":{"line":20,"column":18}},"loc":{"start":{"line":20,"column":56},"end":{"line":39,"column":5}}},"1":{"name":"(anonymous_2)","decl":{"start":{"line":40,"column":11},"end":{"line":40,"column":21}},"loc":{"start":{"line":40,"column":59},"end":{"line":82,"column":5}}},"2":{"name":"(anonymous_3)","decl":{"start":{"line":41,"column":52},"end":{"line":41,"column":61}},"loc":{"start":{"line":41,"column":80},"end":{"line":81,"column":9}}},"3":{"name":"(anonymous_4)","decl":{"start":{"line":83,"column":11},"end":{"line":83,"column":18}},"loc":{"start":{"line":83,"column":56},"end":{"line":114,"column":5}}},"4":{"name":"(anonymous_5)","decl":{"start":{"line":84,"column":48},"end":{"line":84,"column":57}},"loc":{"start":{"line":84,"column":73},"end":{"line":113,"column":9}}},"5":{"name":"(anonymous_6)","decl":{"start":{"line":115,"column":11},"end":{"line":115,"column":18}},"loc":{"start":{"line":115,"column":56},"end":{"line":146,"column":5}}},"6":{"name":"(anonymous_7)","decl":{"start":{"line":116,"column":48},"end":{"line":116,"column":57}},"loc":{"start":{"line":116,"column":73},"end":{"line":145,"column":9}}}},"branchMap":{"0":{"loc":{"start":{"line":42,"column":12},"end":{"line":50,"column":13}},"type":"if","locations":[{"start":{"line":42,"column":12},"end":{"line":50,"column":13}},{"start":{"line":42,"column":12},"end":{"line":50,"column":13}}]},"1":{"loc":{"start":{"line":52,"column":12},"end":{"line":60,"column":13}},"type":"if","locations":[{"start":{"line":52,"column":12},"end":{"line":60,"column":13}},{"start":{"line":52,"column":12},"end":{"line":60,"column":13}}]},"2":{"loc":{"start":{"line":85,"column":12},"end":{"line":93,"column":13}},"type":"if","locations":[{"start":{"line":85,"column":12},"end":{"line":93,"column":13}},{"start":{"line":85,"column":12},"end":{"line":93,"column":13}}]},"3":{"loc":{"start":{"line":95,"column":12},"end":{"line":103,"column":13}},"type":"if","locations":[{"start":{"line":95,"column":12},"end":{"line":103,"column":13}},{"start":{"line":95,"column":12},"end":{"line":103,"column":13}}]},"4":{"loc":{"start":{"line":117,"column":12},"end":{"line":125,"column":13}},"type":"if","locations":[{"start":{"line":117,"column":12},"end":{"line":125,"column":13}},{"start":{"line":117,"column":12},"end":{"line":125,"column":13}}]},"5":{"loc":{"start":{"line":127,"column":12},"end":{"line":135,"column":13}},"type":"if","locations":[{"start":{"line":127,"column":12},"end":{"line":135,"column":13}},{"start":{"line":127,"column":12},"end":{"line":135,"column":13}}]}},"s":{"0":3,"1":3,"2":3,"3":3,"4":3,"5":0,"6":0,"7":0,"8":0,"9":0,"10":0,"11":0,"12":0,"13":0,"14":0,"15":0,"16":0,"17":0,"18":0,"19":0,"20":0,"21":0,"22":0,"23":0,"24":0,"25":0,"26":0,"27":0,"28":0,"29":0,"30":0,"31":0,"32":0,"33":0,"34":0,"35":3,"36":3},"f":{"0":0,"1":0,"2":0,"3":0,"4":0,"5":0,"6":0},"b":{"0":[0,0],"1":[0,0],"2":[0,0],"3":[0,0],"4":[0,0],"5":[0,0]}}
,"/Users/diego/Projects/mojix/src/services/studio.service.ts": {"path":"/Users/diego/Projects/mojix/src/services/studio.service.ts","statementMap":{"0":{"start":{"line":1,"column":0},"end":{"line":1,"column":36}},"1":{"start":{"line":2,"column":0},"end":{"line":2,"column":26}},"2":{"start":{"line":5,"column":0},"end":{"line":5,"column":32}},"3":{"start":{"line":6,"column":0},"end":{"line":6,"column":36}},"4":{"start":{"line":7,"column":0},"end":{"line":7,"column":40}},"5":{"start":{"line":8,"column":0},"end":{"line":8,"column":38}},"6":{"start":{"line":10,"column":12},"end":{"line":10,"column":35}},"7":{"start":{"line":17,"column":0},"end":{"line":77,"column":1}},"8":{"start":{"line":25,"column":8},"end":{"line":74,"column":11}},"9":{"start":{"line":26,"column":12},"end":{"line":34,"column":13}},"10":{"start":{"line":27,"column":16},"end":{"line":32,"column":19}},"11":{"start":{"line":33,"column":16},"end":{"line":33,"column":23}},"12":{"start":{"line":36,"column":12},"end":{"line":44,"column":13}},"13":{"start":{"line":37,"column":16},"end":{"line":42,"column":19}},"14":{"start":{"line":43,"column":16},"end":{"line":43,"column":23}},"15":{"start":{"line":51,"column":27},"end":{"line":54,"column":14}},"16":{"start":{"line":55,"column":12},"end":{"line":55,"column":28}},"17":{"start":{"line":58,"column":26},"end":{"line":60,"column":14}},"18":{"start":{"line":61,"column":12},"end":{"line":61,"column":27}},"19":{"start":{"line":63,"column":25},"end":{"line":66,"column":14}},"20":{"start":{"line":67,"column":12},"end":{"line":67,"column":26}},"21":{"start":{"line":69,"column":12},"end":{"line":73,"column":15}},"22":{"start":{"line":17,"column":13},"end":{"line":77,"column":1}},"23":{"start":{"line":17,"column":13},"end":{"line":17,"column":26}}},"fnMap":{"0":{"name":"(anonymous_1)","decl":{"start":{"line":22,"column":11},"end":{"line":22,"column":18}},"loc":{"start":{"line":22,"column":56},"end":{"line":75,"column":5}}},"1":{"name":"(anonymous_2)","decl":{"start":{"line":25,"column":50},"end":{"line":25,"column":59}},"loc":{"start":{"line":25,"column":82},"end":{"line":74,"column":9}}}},"branchMap":{"0":{"loc":{"start":{"line":26,"column":12},"end":{"line":34,"column":13}},"type":"if","locations":[{"start":{"line":26,"column":12},"end":{"line":34,"column":13}},{"start":{"line":26,"column":12},"end":{"line":34,"column":13}}]},"1":{"loc":{"start":{"line":36,"column":12},"end":{"line":44,"column":13}},"type":"if","locations":[{"start":{"line":36,"column":12},"end":{"line":44,"column":13}},{"start":{"line":36,"column":12},"end":{"line":44,"column":13}}]}},"s":{"0":3,"1":3,"2":3,"3":3,"4":3,"5":3,"6":3,"7":3,"8":0,"9":0,"10":0,"11":0,"12":0,"13":0,"14":0,"15":0,"16":0,"17":0,"18":0,"19":0,"20":0,"21":0,"22":3,"23":3},"f":{"0":0,"1":0},"b":{"0":[0,0],"1":[0,0]}}
,"/Users/diego/Projects/mojix/src/services/user.service.ts": {"path":"/Users/diego/Projects/mojix/src/services/user.service.ts","statementMap":{"0":{"start":{"line":1,"column":0},"end":{"line":1,"column":36}},"1":{"start":{"line":2,"column":0},"end":{"line":2,"column":26}},"2":{"start":{"line":4,"column":0},"end":{"line":4,"column":32}},"3":{"start":{"line":5,"column":0},"end":{"line":5,"column":32}},"4":{"start":{"line":6,"column":0},"end":{"line":6,"column":40}},"5":{"start":{"line":7,"column":0},"end":{"line":7,"column":38}},"6":{"start":{"line":9,"column":12},"end":{"line":9,"column":35}},"7":{"start":{"line":33,"column":0},"end":{"line":282,"column":1}},"8":{"start":{"line":42,"column":8},"end":{"line":68,"column":11}},"9":{"start":{"line":43,"column":12},"end":{"line":50,"column":13}},"10":{"start":{"line":44,"column":16},"end":{"line":48,"column":19}},"11":{"start":{"line":49,"column":16},"end":{"line":49,"column":23}},"12":{"start":{"line":52,"column":12},"end":{"line":67,"column":13}},"13":{"start":{"line":53,"column":16},"end":{"line":57,"column":19}},"14":{"start":{"line":58,"column":16},"end":{"line":58,"column":23}},"15":{"start":{"line":62,"column":16},"end":{"line":66,"column":19}},"16":{"start":{"line":78,"column":8},"end":{"line":130,"column":11}},"17":{"start":{"line":79,"column":12},"end":{"line":87,"column":13}},"18":{"start":{"line":80,"column":16},"end":{"line":85,"column":19}},"19":{"start":{"line":86,"column":16},"end":{"line":86,"column":23}},"20":{"start":{"line":89,"column":12},"end":{"line":97,"column":13}},"21":{"start":{"line":90,"column":16},"end":{"line":95,"column":19}},"22":{"start":{"line":96,"column":16},"end":{"line":96,"column":23}},"23":{"start":{"line":100,"column":12},"end":{"line":129,"column":15}},"24":{"start":{"line":102,"column":16},"end":{"line":128,"column":17}},"25":{"start":{"line":103,"column":20},"end":{"line":108,"column":23}},"26":{"start":{"line":110,"column":21},"end":{"line":128,"column":17}},"27":{"start":{"line":111,"column":32},"end":{"line":113,"column":22}},"28":{"start":{"line":115,"column":20},"end":{"line":120,"column":23}},"29":{"start":{"line":122,"column":20},"end":{"line":127,"column":23}},"30":{"start":{"line":138,"column":8},"end":{"line":142,"column":11}},"31":{"start":{"line":152,"column":8},"end":{"line":213,"column":11}},"32":{"start":{"line":153,"column":12},"end":{"line":161,"column":13}},"33":{"start":{"line":154,"column":16},"end":{"line":159,"column":19}},"34":{"start":{"line":160,"column":16},"end":{"line":160,"column":23}},"35":{"start":{"line":163,"column":12},"end":{"line":171,"column":13}},"36":{"start":{"line":164,"column":16},"end":{"line":169,"column":19}},"37":{"start":{"line":170,"column":16},"end":{"line":170,"column":23}},"38":{"start":{"line":178,"column":27},"end":{"line":181,"column":14}},"39":{"start":{"line":182,"column":12},"end":{"line":182,"column":28}},"40":{"start":{"line":185,"column":26},"end":{"line":187,"column":14}},"41":{"start":{"line":188,"column":12},"end":{"line":188,"column":27}},"42":{"start":{"line":191,"column":23},"end":{"line":199,"column":14}},"43":{"start":{"line":200,"column":12},"end":{"line":200,"column":24}},"44":{"start":{"line":204,"column":24},"end":{"line":206,"column":14}},"45":{"start":{"line":207,"column":12},"end":{"line":212,"column":15}},"46":{"start":{"line":261,"column":8},"end":{"line":280,"column":11}},"47":{"start":{"line":262,"column":12},"end":{"line":265,"column":13}},"48":{"start":{"line":263,"column":16},"end":{"line":263,"column":37}},"49":{"start":{"line":264,"column":16},"end":{"line":264,"column":23}},"50":{"start":{"line":267,"column":12},"end":{"line":270,"column":13}},"51":{"start":{"line":268,"column":16},"end":{"line":268,"column":38}},"52":{"start":{"line":269,"column":16},"end":{"line":269,"column":23}},"53":{"start":{"line":273,"column":12},"end":{"line":279,"column":15}},"54":{"start":{"line":274,"column":16},"end":{"line":278,"column":17}},"55":{"start":{"line":275,"column":20},"end":{"line":275,"column":44}},"56":{"start":{"line":277,"column":20},"end":{"line":277,"column":40}},"57":{"start":{"line":33,"column":13},"end":{"line":282,"column":1}},"58":{"start":{"line":33,"column":13},"end":{"line":33,"column":24}}},"fnMap":{"0":{"name":"(anonymous_1)","decl":{"start":{"line":39,"column":11},"end":{"line":39,"column":14}},"loc":{"start":{"line":39,"column":52},"end":{"line":69,"column":5}}},"1":{"name":"(anonymous_2)","decl":{"start":{"line":42,"column":50},"end":{"line":42,"column":59}},"loc":{"start":{"line":42,"column":74},"end":{"line":68,"column":9}}},"2":{"name":"(anonymous_3)","decl":{"start":{"line":75,"column":11},"end":{"line":75,"column":15}},"loc":{"start":{"line":75,"column":53},"end":{"line":131,"column":5}}},"3":{"name":"(anonymous_4)","decl":{"start":{"line":78,"column":50},"end":{"line":78,"column":59}},"loc":{"start":{"line":78,"column":74},"end":{"line":130,"column":9}}},"4":{"name":"(anonymous_5)","decl":{"start":{"line":100,"column":56},"end":{"line":100,"column":65}},"loc":{"start":{"line":100,"column":75},"end":{"line":129,"column":13}}},"5":{"name":"(anonymous_6)","decl":{"start":{"line":137,"column":11},"end":{"line":137,"column":16}},"loc":{"start":{"line":137,"column":54},"end":{"line":143,"column":5}}},"6":{"name":"(anonymous_7)","decl":{"start":{"line":149,"column":11},"end":{"line":149,"column":16}},"loc":{"start":{"line":149,"column":54},"end":{"line":214,"column":5}}},"7":{"name":"(anonymous_8)","decl":{"start":{"line":152,"column":50},"end":{"line":152,"column":59}},"loc":{"start":{"line":152,"column":82},"end":{"line":213,"column":9}}},"8":{"name":"(anonymous_9)","decl":{"start":{"line":220,"column":11},"end":{"line":220,"column":23}},"loc":{"start":{"line":220,"column":52},"end":{"line":222,"column":5}}},"9":{"name":"(anonymous_10)","decl":{"start":{"line":228,"column":11},"end":{"line":228,"column":24}},"loc":{"start":{"line":228,"column":53},"end":{"line":230,"column":5}}},"10":{"name":"(anonymous_11)","decl":{"start":{"line":236,"column":11},"end":{"line":236,"column":23}},"loc":{"start":{"line":236,"column":52},"end":{"line":238,"column":5}}},"11":{"name":"(anonymous_12)","decl":{"start":{"line":244,"column":11},"end":{"line":244,"column":15}},"loc":{"start":{"line":244,"column":44},"end":{"line":246,"column":5}}},"12":{"name":"(anonymous_13)","decl":{"start":{"line":258,"column":11},"end":{"line":258,"column":25}},"loc":{"start":{"line":258,"column":73},"end":{"line":281,"column":5}}},"13":{"name":"(anonymous_14)","decl":{"start":{"line":261,"column":53},"end":{"line":261,"column":62}},"loc":{"start":{"line":261,"column":77},"end":{"line":280,"column":9}}},"14":{"name":"(anonymous_15)","decl":{"start":{"line":273,"column":56},"end":{"line":273,"column":65}},"loc":{"start":{"line":273,"column":78},"end":{"line":279,"column":13}}}},"branchMap":{"0":{"loc":{"start":{"line":43,"column":12},"end":{"line":50,"column":13}},"type":"if","locations":[{"start":{"line":43,"column":12},"end":{"line":50,"column":13}},{"start":{"line":43,"column":12},"end":{"line":50,"column":13}}]},"1":{"loc":{"start":{"line":52,"column":12},"end":{"line":67,"column":13}},"type":"if","locations":[{"start":{"line":52,"column":12},"end":{"line":67,"column":13}},{"start":{"line":52,"column":12},"end":{"line":67,"column":13}}]},"2":{"loc":{"start":{"line":79,"column":12},"end":{"line":87,"column":13}},"type":"if","locations":[{"start":{"line":79,"column":12},"end":{"line":87,"column":13}},{"start":{"line":79,"column":12},"end":{"line":87,"column":13}}]},"3":{"loc":{"start":{"line":89,"column":12},"end":{"line":97,"column":13}},"type":"if","locations":[{"start":{"line":89,"column":12},"end":{"line":97,"column":13}},{"start":{"line":89,"column":12},"end":{"line":97,"column":13}}]},"4":{"loc":{"start":{"line":102,"column":16},"end":{"line":128,"column":17}},"type":"if","locations":[{"start":{"line":102,"column":16},"end":{"line":128,"column":17}},{"start":{"line":102,"column":16},"end":{"line":128,"column":17}}]},"5":{"loc":{"start":{"line":110,"column":21},"end":{"line":128,"column":17}},"type":"if","locations":[{"start":{"line":110,"column":21},"end":{"line":128,"column":17}},{"start":{"line":110,"column":21},"end":{"line":128,"column":17}}]},"6":{"loc":{"start":{"line":153,"column":12},"end":{"line":161,"column":13}},"type":"if","locations":[{"start":{"line":153,"column":12},"end":{"line":161,"column":13}},{"start":{"line":153,"column":12},"end":{"line":161,"column":13}}]},"7":{"loc":{"start":{"line":163,"column":12},"end":{"line":171,"column":13}},"type":"if","locations":[{"start":{"line":163,"column":12},"end":{"line":171,"column":13}},{"start":{"line":163,"column":12},"end":{"line":171,"column":13}}]},"8":{"loc":{"start":{"line":262,"column":12},"end":{"line":265,"column":13}},"type":"if","locations":[{"start":{"line":262,"column":12},"end":{"line":265,"column":13}},{"start":{"line":262,"column":12},"end":{"line":265,"column":13}}]},"9":{"loc":{"start":{"line":267,"column":12},"end":{"line":270,"column":13}},"type":"if","locations":[{"start":{"line":267,"column":12},"end":{"line":270,"column":13}},{"start":{"line":267,"column":12},"end":{"line":270,"column":13}}]},"10":{"loc":{"start":{"line":274,"column":16},"end":{"line":278,"column":17}},"type":"if","locations":[{"start":{"line":274,"column":16},"end":{"line":278,"column":17}},{"start":{"line":274,"column":16},"end":{"line":278,"column":17}}]}},"s":{"0":3,"1":3,"2":3,"3":3,"4":3,"5":3,"6":3,"7":3,"8":0,"9":0,"10":0,"11":0,"12":0,"13":0,"14":0,"15":0,"16":0,"17":0,"18":0,"19":0,"20":0,"21":0,"22":0,"23":0,"24":0,"25":0,"26":0,"27":0,"28":0,"29":0,"30":0,"31":0,"32":0,"33":0,"34":0,"35":0,"36":0,"37":0,"38":0,"39":0,"40":0,"41":0,"42":0,"43":0,"44":0,"45":0,"46":0,"47":0,"48":0,"49":0,"50":0,"51":0,"52":0,"53":0,"54":0,"55":0,"56":0,"57":3,"58":3},"f":{"0":0,"1":0,"2":0,"3":0,"4":0,"5":0,"6":0,"7":0,"8":0,"9":0,"10":0,"11":0,"12":0,"13":0,"14":0},"b":{"0":[0,0],"1":[0,0],"2":[0,0],"3":[0,0],"4":[0,0],"5":[0,0],"6":[0,0],"7":[0,0],"8":[0,0],"9":[0,0],"10":[0,0]}}
,"/Users/diego/Projects/mojix/test/factories/category/create.js": {"path":"/Users/diego/Projects/mojix/test/factories/category/create.js","statementMap":{"0":{"start":{"line":1,"column":0},"end":{"line":3,"column":2}}},"fnMap":{},"branchMap":{},"s":{"0":1},"f":{},"b":{},"_coverageSchema":"332fd63041d2c1bcb487cc26dd0d5f7d97098a6c","hash":"7cc596e040375dd676675e8ff2255aced615a6e8"}
,"/Users/diego/Projects/mojix/test/factories/movies/create.js": {"path":"/Users/diego/Projects/mojix/test/factories/movies/create.js","statementMap":{"0":{"start":{"line":1,"column":0},"end":{"line":5,"column":2}}},"fnMap":{},"branchMap":{},"s":{"0":1},"f":{},"b":{},"_coverageSchema":"332fd63041d2c1bcb487cc26dd0d5f7d97098a6c","hash":"485fadeca9a177b5c4a59a63934e90330d9dda6d"}
}
